# JRE version: OpenJDK Runtime Environment Temurin-21.0.10+7 (21.0.10+7) (build 21.0.10+7-LTS)
# Java VM: OpenJDK 64-Bit Server VM Temurin-21.0.10+7 (21.0.10+7-LTS, mixed mode, sharing, tiered, compressed oops, compressed class ptrs, parallel gc, windows-amd64)
GC Precious Log:
 CardTable entry size: 512
 CPUs: 4 total, 4 available
 Memory: 3895M
 Large Page Support: Disabled
 NUMA Support: Disabled
 Compressed Oops: Enabled (32-bit)
 Alignments: Space 512K, Generation 512K, Heap 2M
 Heap Min Capacity: 100M
 Heap Initial Capacity: 100M
 Heap Max Capacity: 2G
 Pre-touch: Disabled
 Parallel Workers: 4
Heap:
 PSYoungGen      total 17920K, used 11528K [0x00000000d5580000, 0x00000000d6a80000, 0x0000000100000000)
  eden space 16896K, 62% used [0x00000000d5580000,0x00000000d5fc2d50,0x00000000d6600000)
  from space 1024K, 99% used [0x00000000d6980000,0x00000000d6a7f5b8,0x00000000d6a80000)
  to   space 2048K, 0% used [0x00000000d6680000,0x00000000d6680000,0x00000000d6880000)
 ParOldGen       total 81920K, used 81810K [0x0000000080000000, 0x0000000085000000, 0x00000000d5580000)
  object space 81920K, 99% used [0x0000000080000000,0x0000000084fe4930,0x0000000085000000)
 Metaspace       used 30033K, committed 31232K, reserved 1114112K
  class space    used 2882K, committed 3392K, reserved 1048576K
GC Heap History (20 events):
Event: 200.860 GC heap before
{Heap before GC invocations=84 (full 1):
 PSYoungGen      total 17920K, used 17911K [0x00000000d5580000, 0x00000000d6b80000, 0x0000000100000000)
  eden space 16896K, 100% used [0x00000000d5580000,0x00000000d6600000,0x00000000d6600000)
  from space 1024K, 99% used [0x00000000d6880000,0x00000000d697dd78,0x00000000d6980000)
  to   space 2560K, 0% used [0x00000000d6600000,0x00000000d6600000,0x00000000d6880000)
 ParOldGen       total 72704K, used 72564K [0x0000000080000000, 0x0000000084700000, 0x00000000d5580000)
  object space 72704K, 99% used [0x0000000080000000,0x00000000846dd268,0x0000000084700000)
 Metaspace       used 23375K, committed 24448K, reserved 1114112K
  class space    used 2129K, committed 2560K, reserved 1048576K
}
Event: 200.944 GC heap after
{Heap after GC invocations=84 (full 1):
 PSYoungGen      total 17920K, used 788K [0x00000000d5580000, 0x00000000d6900000, 0x0000000100000000)
  eden space 16896K, 0% used [0x00000000d5580000,0x00000000d5580000,0x00000000d6600000)
  from space 1024K, 77% used [0x00000000d6600000,0x00000000d66c5220,0x00000000d6700000)
  to   space 1536K, 0% used [0x00000000d6780000,0x00000000d6780000,0x00000000d6900000)
 ParOldGen       total 73728K, used 73498K [0x0000000080000000, 0x0000000084800000, 0x00000000d5580000)
  object space 73728K, 99% used [0x0000000080000000,0x00000000847c6bd0,0x0000000084800000)
 Metaspace       used 23375K, committed 24448K, reserved 1114112K
  class space    used 2129K, committed 2560K, reserved 1048576K
}
Event: 207.806 GC heap before
{Heap before GC invocations=85 (full 1):
 PSYoungGen      total 17920K, used 17684K [0x00000000d5580000, 0x00000000d6900000, 0x0000000100000000)
  eden space 16896K, 100% used [0x00000000d5580000,0x00000000d6600000,0x00000000d6600000)
  from space 1024K, 77% used [0x00000000d6600000,0x00000000d66c5220,0x00000000d6700000)
  to   space 1536K, 0% used [0x00000000d6780000,0x00000000d6780000,0x00000000d6900000)
 ParOldGen       total 73728K, used 73498K [0x0000000080000000, 0x0000000084800000, 0x00000000d5580000)
  object space 73728K, 99% used [0x0000000080000000,0x00000000847c6bd0,0x0000000084800000)
 Metaspace       used 23676K, committed 24704K, reserved 1114112K
  class space    used 2146K, committed 2560K, reserved 1048576K
}
Event: 207.897 GC heap after
{Heap after GC invocations=85 (full 1):
 PSYoungGen      total 17920K, used 909K [0x00000000d5580000, 0x00000000d6880000, 0x0000000100000000)
  eden space 16896K, 0% used [0x00000000d5580000,0x00000000d5580000,0x00000000d6600000)
  from space 1024K, 88% used [0x00000000d6780000,0x00000000d68636b0,0x00000000d6880000)
  to   space 1024K, 0% used [0x00000000d6600000,0x00000000d6600000,0x00000000d6700000)
 ParOldGen       total 74240K, used 74141K [0x0000000080000000, 0x0000000084880000, 0x00000000d5580000)
  object space 74240K, 99% used [0x0000000080000000,0x0000000084867758,0x0000000084880000)
 Metaspace       used 23676K, committed 24704K, reserved 1114112K
  class space    used 2146K, committed 2560K, reserved 1048576K
}
Event: 275.094 GC heap before
{Heap before GC invocations=86 (full 1):
 PSYoungGen      total 17920K, used 17805K [0x00000000d5580000, 0x00000000d6880000, 0x0000000100000000)
  eden space 16896K, 100% used [0x00000000d5580000,0x00000000d6600000,0x00000000d6600000)
  from space 1024K, 88% used [0x00000000d6780000,0x00000000d68636b0,0x00000000d6880000)
  to   space 1024K, 0% used [0x00000000d6600000,0x00000000d6600000,0x00000000d6700000)
 ParOldGen       total 74240K, used 74141K [0x0000000080000000, 0x0000000084880000, 0x00000000d5580000)
  object space 74240K, 99% used [0x0000000080000000,0x0000000084867758,0x0000000084880000)
 Metaspace       used 24043K, committed 25152K, reserved 1114112K
  class space    used 2182K, committed 2624K, reserved 1048576K
}
Event: 275.248 GC heap after
{Heap after GC invocations=86 (full 1):
 PSYoungGen      total 17920K, used 672K [0x00000000d5580000, 0x00000000d6800000, 0x0000000100000000)
  eden space 16896K, 0% used [0x00000000d5580000,0x00000000d5580000,0x00000000d6600000)
  from space 1024K, 65% used [0x00000000d6600000,0x00000000d66a8020,0x00000000d6700000)
  to   space 1024K, 0% used [0x00000000d6700000,0x00000000d6700000,0x00000000d6800000)
 ParOldGen       total 75264K, used 74841K [0x0000000080000000, 0x0000000084980000, 0x00000000d5580000)
  object space 75264K, 99% used [0x0000000080000000,0x0000000084916630,0x0000000084980000)
 Metaspace       used 24043K, committed 25152K, reserved 1114112K
  class space    used 2182K, committed 2624K, reserved 1048576K
}
Event: 280.169 GC heap before
{Heap before GC invocations=87 (full 1):
 PSYoungGen      total 17920K, used 17553K [0x00000000d5580000, 0x00000000d6800000, 0x0000000100000000)
  eden space 16896K, 99% used [0x00000000d5580000,0x00000000d65fc708,0x00000000d6600000)
  from space 1024K, 65% used [0x00000000d6600000,0x00000000d66a8020,0x00000000d6700000)
  to   space 1024K, 0% used [0x00000000d6700000,0x00000000d6700000,0x00000000d6800000)
 ParOldGen       total 75264K, used 74841K [0x0000000080000000, 0x0000000084980000, 0x00000000d5580000)
  object space 75264K, 99% used [0x0000000080000000,0x0000000084916630,0x0000000084980000)
 Metaspace       used 24819K, committed 25920K, reserved 1114112K
  class space    used 2239K, committed 2688K, reserved 1048576K
}
Event: 280.386 GC heap after
{Heap after GC invocations=87 (full 1):
 PSYoungGen      total 17920K, used 767K [0x00000000d5580000, 0x00000000d6800000, 0x0000000100000000)
  eden space 16896K, 0% used [0x00000000d5580000,0x00000000d5580000,0x00000000d6600000)
  from space 1024K, 74% used [0x00000000d6700000,0x00000000d67bfc18,0x00000000d6800000)
  to   space 1024K, 0% used [0x00000000d6600000,0x00000000d6600000,0x00000000d6700000)
 ParOldGen       total 75776K, used 75275K [0x0000000080000000, 0x0000000084a00000, 0x00000000d5580000)
  object space 75776K, 99% used [0x0000000080000000,0x0000000084982fd0,0x0000000084a00000)
 Metaspace       used 24819K, committed 25920K, reserved 1114112K
  class space    used 2239K, committed 2688K, reserved 1048576K
}
Event: 287.725 GC heap before
{Heap before GC invocations=88 (full 1):
 PSYoungGen      total 17920K, used 17598K [0x00000000d5580000, 0x00000000d6800000, 0x0000000100000000)
  eden space 16896K, 99% used [0x00000000d5580000,0x00000000d65efdf8,0x00000000d6600000)
  from space 1024K, 74% used [0x00000000d6700000,0x00000000d67bfc18,0x00000000d6800000)
  to   space 1024K, 0% used [0x00000000d6600000,0x00000000d6600000,0x00000000d6700000)
 ParOldGen       total 75776K, used 75275K [0x0000000080000000, 0x0000000084a00000, 0x00000000d5580000)
  object space 75776K, 99% used [0x0000000080000000,0x0000000084982fd0,0x0000000084a00000)
 Metaspace       used 25534K, committed 26624K, reserved 1114112K
  class space    used 2292K, committed 2752K, reserved 1048576K
}
Event: 288.207 GC heap after
{Heap after GC invocations=88 (full 1):
 PSYoungGen      total 17920K, used 1019K [0x00000000d5580000, 0x00000000d7000000, 0x0000000100000000)
  eden space 16896K, 0% used [0x00000000d5580000,0x00000000d5580000,0x00000000d6600000)
  from space 1024K, 99% used [0x00000000d6600000,0x00000000d66fec28,0x00000000d6700000)
  to   space 5120K, 0% used [0x00000000d6b00000,0x00000000d6b00000,0x00000000d7000000)
 ParOldGen       total 78848K, used 78343K [0x0000000080000000, 0x0000000084d00000, 0x00000000d5580000)
  object space 78848K, 99% used [0x0000000080000000,0x0000000084c81d80,0x0000000084d00000)
 Metaspace       used 25534K, committed 26624K, reserved 1114112K
  class space    used 2292K, committed 2752K, reserved 1048576K
}
Event: 290.398 GC heap before
{Heap before GC invocations=89 (full 1):
 PSYoungGen      total 17920K, used 17915K [0x00000000d5580000, 0x00000000d7000000, 0x0000000100000000)
  eden space 16896K, 100% used [0x00000000d5580000,0x00000000d6600000,0x00000000d6600000)
  from space 1024K, 99% used [0x00000000d6600000,0x00000000d66fec28,0x00000000d6700000)
  to   space 5120K, 0% used [0x00000000d6b00000,0x00000000d6b00000,0x00000000d7000000)
 ParOldGen       total 78848K, used 78343K [0x0000000080000000, 0x0000000084d00000, 0x00000000d5580000)
  object space 78848K, 99% used [0x0000000080000000,0x0000000084c81d80,0x0000000084d00000)
 Metaspace       used 26131K, committed 27200K, reserved 1114112K
  class space    used 2365K, committed 2816K, reserved 1048576K
}
Event: 290.419 GC heap after
{Heap after GC invocations=89 (full 1):
 PSYoungGen      total 21504K, used 4230K [0x00000000d5580000, 0x00000000d6f80000, 0x0000000100000000)
  eden space 16896K, 0% used [0x00000000d5580000,0x00000000d5580000,0x00000000d6600000)
  from space 4608K, 91% used [0x00000000d6b00000,0x00000000d6f21a18,0x00000000d6f80000)
  to   space 4608K, 0% used [0x00000000d6680000,0x00000000d6680000,0x00000000d6b00000)
 ParOldGen       total 79360K, used 79322K [0x0000000080000000, 0x0000000084d80000, 0x00000000d5580000)
  object space 79360K, 99% used [0x0000000080000000,0x0000000084d768a8,0x0000000084d80000)
 Metaspace       used 26131K, committed 27200K, reserved 1114112K
  class space    used 2365K, committed 2816K, reserved 1048576K
}
Event: 522.817 GC heap before
{Heap before GC invocations=90 (full 1):
 PSYoungGen      total 21504K, used 21126K [0x00000000d5580000, 0x00000000d6f80000, 0x0000000100000000)
  eden space 16896K, 100% used [0x00000000d5580000,0x00000000d6600000,0x00000000d6600000)
  from space 4608K, 91% used [0x00000000d6b00000,0x00000000d6f21a18,0x00000000d6f80000)
  to   space 4608K, 0% used [0x00000000d6680000,0x00000000d6680000,0x00000000d6b00000)
 ParOldGen       total 79360K, used 79322K [0x0000000080000000, 0x0000000084d80000, 0x00000000d5580000)
  object space 79360K, 99% used [0x0000000080000000,0x0000000084d768a8,0x0000000084d80000)
 Metaspace       used 26676K, committed 27776K, reserved 1114112K
  class space    used 2427K, committed 2880K, reserved 1048576K
}
Event: 522.948 GC heap after
{Heap after GC invocations=90 (full 1):
 PSYoungGen      total 20480K, used 3340K [0x00000000d5580000, 0x00000000d6e00000, 0x0000000100000000)
  eden space 16896K, 0% used [0x00000000d5580000,0x00000000d5580000,0x00000000d6600000)
  from space 3584K, 93% used [0x00000000d6680000,0x00000000d69c30c0,0x00000000d6a00000)
  to   space 4096K, 0% used [0x00000000d6a00000,0x00000000d6a00000,0x00000000d6e00000)
 ParOldGen       total 80384K, used 79970K [0x0000000080000000, 0x0000000084e80000, 0x00000000d5580000)
  object space 80384K, 99% used [0x0000000080000000,0x0000000084e188a8,0x0000000084e80000)
 Metaspace       used 26676K, committed 27776K, reserved 1114112K
  class space    used 2427K, committed 2880K, reserved 1048576K
}
Event: 529.121 GC heap before
{Heap before GC invocations=91 (full 1):
 PSYoungGen      total 20480K, used 19930K [0x00000000d5580000, 0x00000000d6e00000, 0x0000000100000000)
  eden space 16896K, 98% used [0x00000000d5580000,0x00000000d65b38f0,0x00000000d6600000)
  from space 3584K, 93% used [0x00000000d6680000,0x00000000d69c30c0,0x00000000d6a00000)
  to   space 4096K, 0% used [0x00000000d6a00000,0x00000000d6a00000,0x00000000d6e00000)
 ParOldGen       total 80384K, used 79970K [0x0000000080000000, 0x0000000084e80000, 0x00000000d5580000)
  object space 80384K, 99% used [0x0000000080000000,0x0000000084e188a8,0x0000000084e80000)
 Metaspace       used 26851K, committed 28032K, reserved 1114112K
  class space    used 2453K, committed 2944K, reserved 1048576K
}
Event: 529.132 GC heap after
{Heap after GC invocations=91 (full 1):
 PSYoungGen      total 17408K, used 464K [0x00000000d5580000, 0x00000000d6a80000, 0x0000000100000000)
  eden space 16896K, 0% used [0x00000000d5580000,0x00000000d5580000,0x00000000d6600000)
  from space 512K, 90% used [0x00000000d6a00000,0x00000000d6a74010,0x00000000d6a80000)
  to   space 2048K, 0% used [0x00000000d6680000,0x00000000d6680000,0x00000000d6880000)
 ParOldGen       total 81408K, used 81056K [0x0000000080000000, 0x0000000084f80000, 0x00000000d5580000)
  object space 81408K, 99% used [0x0000000080000000,0x0000000084f28338,0x0000000084f80000)
 Metaspace       used 26851K, committed 28032K, reserved 1114112K
  class space    used 2453K, committed 2944K, reserved 1048576K
}
Event: 531.033 GC heap before
{Heap before GC invocations=92 (full 1):
 PSYoungGen      total 17408K, used 17360K [0x00000000d5580000, 0x00000000d6a80000, 0x0000000100000000)
  eden space 16896K, 100% used [0x00000000d5580000,0x00000000d6600000,0x00000000d6600000)
  from space 512K, 90% used [0x00000000d6a00000,0x00000000d6a74010,0x00000000d6a80000)
  to   space 2048K, 0% used [0x00000000d6680000,0x00000000d6680000,0x00000000d6880000)
 ParOldGen       total 81408K, used 81056K [0x0000000080000000, 0x0000000084f80000, 0x00000000d5580000)
  object space 81408K, 99% used [0x0000000080000000,0x0000000084f28338,0x0000000084f80000)
 Metaspace       used 28552K, committed 29696K, reserved 1114112K
  class space    used 2647K, committed 3136K, reserved 1048576K
}
Event: 531.039 GC heap after
{Heap after GC invocations=92 (full 1):
 PSYoungGen      total 18944K, used 465K [0x00000000d5580000, 0x00000000d6a80000, 0x0000000100000000)
  eden space 16896K, 0% used [0x00000000d5580000,0x00000000d5580000,0x00000000d6600000)
  from space 2048K, 22% used [0x00000000d6680000,0x00000000d66f45c8,0x00000000d6880000)
  to   space 1024K, 0% used [0x00000000d6980000,0x00000000d6980000,0x00000000d6a80000)
 ParOldGen       total 81408K, used 81272K [0x0000000080000000, 0x0000000084f80000, 0x00000000d5580000)
  object space 81408K, 99% used [0x0000000080000000,0x0000000084f5e348,0x0000000084f80000)
 Metaspace       used 28552K, committed 29696K, reserved 1114112K
  class space    used 2647K, committed 3136K, reserved 1048576K
}
Event: 1905.431 GC heap before
{Heap before GC invocations=93 (full 1):
 PSYoungGen      total 18944K, used 17113K [0x00000000d5580000, 0x00000000d6a80000, 0x0000000100000000)
  eden space 16896K, 98% used [0x00000000d5580000,0x00000000d65c21b8,0x00000000d6600000)
  from space 2048K, 22% used [0x00000000d6680000,0x00000000d66f45c8,0x00000000d6880000)
  to   space 1024K, 0% used [0x00000000d6980000,0x00000000d6980000,0x00000000d6a80000)
 ParOldGen       total 81408K, used 81272K [0x0000000080000000, 0x0000000084f80000, 0x00000000d5580000)
  object space 81408K, 99% used [0x0000000080000000,0x0000000084f5e348,0x0000000084f80000)
 Metaspace       used 29998K, committed 31168K, reserved 1114112K
  class space    used 2882K, committed 3392K, reserved 1048576K
}
Event: 1905.525 GC heap after
{Heap after GC invocations=93 (full 1):
 PSYoungGen      total 17920K, used 1021K [0x00000000d5580000, 0x00000000d6a80000, 0x0000000100000000)
  eden space 16896K, 0% used [0x00000000d5580000,0x00000000d5580000,0x00000000d6600000)
  from space 1024K, 99% used [0x00000000d6980000,0x00000000d6a7f5b8,0x00000000d6a80000)
  to   space 2048K, 0% used [0x00000000d6680000,0x00000000d6680000,0x00000000d6880000)
 ParOldGen       total 81920K, used 81810K [0x0000000080000000, 0x0000000085000000, 0x00000000d5580000)
  object space 81920K, 99% used [0x0000000080000000,0x0000000084fe4930,0x0000000085000000)
 Metaspace       used 29998K, committed 31168K, reserved 1114112K
  class space    used 2882K, committed 3392K, reserved 1048576K
}

